<?xml version="1.0" encoding="UTF-8"?>
<testsuite xmlns:xsi="http://www.w3.org/2001/XMLSchema-instance" xsi:noNamespaceSchemaLocation="https://maven.apache.org/surefire/maven-surefire-plugin/xsd/surefire-test-report-3.0.xsd" version="3.0" name="runners.CucumberRunner" time="2.237" tests="1" errors="0" skipped="0" failures="1">
  <properties>
    <property name="sun.desktop" value="gnome"/>
    <property name="awt.toolkit" value="sun.awt.X11.XToolkit"/>
    <property name="file.encoding.pkg" value="sun.io"/>
    <property name="java.specification.version" value="1.8"/>
    <property name="sun.cpu.isalist" value=""/>
    <property name="sun.jnu.encoding" value="UTF-8"/>
    <property name="java.class.path" value="/home/carlospj/Desktop/provasicred-main/target/test-classes:/home/carlospj/Desktop/provasicred-main/target/classes:/home/carlospj/.m2/repository/io/cucumber/cucumber-java/4.8.0/cucumber-java-4.8.0.jar:/home/carlospj/.m2/repository/io/cucumber/cucumber-core/4.8.0/cucumber-core-4.8.0.jar:/home/carlospj/.m2/repository/io/cucumber/gherkin/5.1.0/gherkin-5.1.0.jar:/home/carlospj/.m2/repository/io/cucumber/tag-expressions/1.1.1/tag-expressions-1.1.1.jar:/home/carlospj/.m2/repository/io/cucumber/cucumber-expressions/7.0.2/cucumber-expressions-7.0.2.jar:/home/carlospj/.m2/repository/io/cucumber/datatable/1.1.14/datatable-1.1.14.jar:/home/carlospj/.m2/repository/io/cucumber/datatable-dependencies/1.1.14/datatable-dependencies-1.1.14.jar:/home/carlospj/.m2/repository/org/apiguardian/apiguardian-api/1.1.0/apiguardian-api-1.1.0.jar:/home/carlospj/.m2/repository/io/cucumber/cucumber-junit/4.8.0/cucumber-junit-4.8.0.jar:/home/carlospj/.m2/repository/info/cukes/cucumber-core/1.1.8/cucumber-core-1.1.8.jar:/home/carlospj/.m2/repository/info/cukes/cucumber-html/0.2.3/cucumber-html-0.2.3.jar:/home/carlospj/.m2/repository/info/cukes/cucumber-jvm-deps/1.0.3/cucumber-jvm-deps-1.0.3.jar:/home/carlospj/.m2/repository/info/cukes/gherkin/2.12.2/gherkin-2.12.2.jar:/home/carlospj/.m2/repository/org/hamcrest/hamcrest/2.2/hamcrest-2.2.jar:/home/carlospj/.m2/repository/org/apache/maven/plugins/maven-jxr-plugin/3.1.1/maven-jxr-plugin-3.1.1.jar:/home/carlospj/.m2/repository/org/apache/maven/maven-jxr/3.1.1/maven-jxr-3.1.1.jar:/home/carlospj/.m2/repository/org/slf4j/slf4j-api/1.7.30/slf4j-api-1.7.30.jar:/home/carlospj/.m2/repository/org/apache/velocity/velocity-engine-core/2.0/velocity-engine-core-2.0.jar:/home/carlospj/.m2/repository/org/apache/commons/commons-lang3/3.8.1/commons-lang3-3.8.1.jar:/home/carlospj/.m2/repository/org/apache/maven/maven-plugin-api/3.1.1/maven-plugin-api-3.1.1.jar:/home/carlospj/.m2/repository/org/eclipse/sisu/org.eclipse.sisu.plexus/0.0.0.M5/org.eclipse.sisu.plexus-0.0.0.M5.jar:/home/carlospj/.m2/repository/javax/enterprise/cdi-api/1.0/cdi-api-1.0.jar:/home/carlospj/.m2/repository/javax/annotation/jsr250-api/1.0/jsr250-api-1.0.jar:/home/carlospj/.m2/repository/javax/inject/javax.inject/1/javax.inject-1.jar:/home/carlospj/.m2/repository/org/sonatype/sisu/sisu-guice/3.1.0/sisu-guice-3.1.0-no_aop.jar:/home/carlospj/.m2/repository/aopalliance/aopalliance/1.0/aopalliance-1.0.jar:/home/carlospj/.m2/repository/org/eclipse/sisu/org.eclipse.sisu.inject/0.0.0.M5/org.eclipse.sisu.inject-0.0.0.M5.jar:/home/carlospj/.m2/repository/org/apache/maven/maven-artifact/3.1.1/maven-artifact-3.1.1.jar:/home/carlospj/.m2/repository/org/apache/maven/maven-core/3.1.1/maven-core-3.1.1.jar:/home/carlospj/.m2/repository/org/apache/maven/maven-settings/3.1.1/maven-settings-3.1.1.jar:/home/carlospj/.m2/repository/org/apache/maven/maven-settings-builder/3.1.1/maven-settings-builder-3.1.1.jar:/home/carlospj/.m2/repository/org/apache/maven/maven-repository-metadata/3.1.1/maven-repository-metadata-3.1.1.jar:/home/carlospj/.m2/repository/org/apache/maven/maven-model-builder/3.1.1/maven-model-builder-3.1.1.jar:/home/carlospj/.m2/repository/org/apache/maven/maven-aether-provider/3.1.1/maven-aether-provider-3.1.1.jar:/home/carlospj/.m2/repository/org/eclipse/aether/aether-spi/0.9.0.M2/aether-spi-0.9.0.M2.jar:/home/carlospj/.m2/repository/org/eclipse/aether/aether-impl/0.9.0.M2/aether-impl-0.9.0.M2.jar:/home/carlospj/.m2/repository/org/eclipse/aether/aether-api/0.9.0.M2/aether-api-0.9.0.M2.jar:/home/carlospj/.m2/repository/org/eclipse/aether/aether-util/0.9.0.M2/aether-util-0.9.0.M2.jar:/home/carlospj/.m2/repository/org/codehaus/plexus/plexus-interpolation/1.19/plexus-interpolation-1.19.jar:/home/carlospj/.m2/repository/org/codehaus/plexus/plexus-classworlds/2.5.1/plexus-classworlds-2.5.1.jar:/home/carlospj/.m2/repository/org/codehaus/plexus/plexus-component-annotations/1.5.5/plexus-component-annotations-1.5.5.jar:/home/carlospj/.m2/repository/org/sonatype/plexus/plexus-sec-dispatcher/1.3/plexus-sec-dispatcher-1.3.jar:/home/carlospj/.m2/repository/org/sonatype/plexus/plexus-cipher/1.4/plexus-cipher-1.4.jar:/home/carlospj/.m2/repository/org/apache/maven/maven-model/3.1.1/maven-model-3.1.1.jar:/home/carlospj/.m2/repository/org/apache/maven/shared/maven-shared-utils/3.3.3/maven-shared-utils-3.3.3.jar:/home/carlospj/.m2/repository/commons-io/commons-io/2.6/commons-io-2.6.jar:/home/carlospj/.m2/repository/org/apache/maven/doxia/doxia-site-renderer/1.9.2/doxia-site-renderer-1.9.2.jar:/home/carlospj/.m2/repository/org/apache/maven/doxia/doxia-core/1.9.1/doxia-core-1.9.1.jar:/home/carlospj/.m2/repository/org/apache/maven/doxia/doxia-logging-api/1.9.1/doxia-logging-api-1.9.1.jar:/home/carlospj/.m2/repository/org/apache/maven/doxia/doxia-sink-api/1.9.1/doxia-sink-api-1.9.1.jar:/home/carlospj/.m2/repository/org/apache/maven/doxia/doxia-decoration-model/1.9.2/doxia-decoration-model-1.9.2.jar:/home/carlospj/.m2/repository/org/apache/maven/doxia/doxia-skin-model/1.9.2/doxia-skin-model-1.9.2.jar:/home/carlospj/.m2/repository/org/apache/maven/doxia/doxia-module-xhtml/1.9.1/doxia-module-xhtml-1.9.1.jar:/home/carlospj/.m2/repository/org/apache/maven/doxia/doxia-module-xhtml5/1.9.1/doxia-module-xhtml5-1.9.1.jar:/home/carlospj/.m2/repository/org/codehaus/plexus/plexus-i18n/1.0-beta-10/plexus-i18n-1.0-beta-10.jar:/home/carlospj/.m2/repository/org/codehaus/plexus/plexus-velocity/1.2/plexus-velocity-1.2.jar:/home/carlospj/.m2/repository/org/apache/velocity/velocity/1.7/velocity-1.7.jar:/home/carlospj/.m2/repository/commons-lang/commons-lang/2.4/commons-lang-2.4.jar:/home/carlospj/.m2/repository/org/apache/velocity/velocity-tools/2.0/velocity-tools-2.0.jar:/home/carlospj/.m2/repository/commons-beanutils/commons-beanutils/1.7.0/commons-beanutils-1.7.0.jar:/home/carlospj/.m2/repository/commons-digester/commons-digester/1.8/commons-digester-1.8.jar:/home/carlospj/.m2/repository/commons-chain/commons-chain/1.1/commons-chain-1.1.jar:/home/carlospj/.m2/repository/dom4j/dom4j/1.1/dom4j-1.1.jar:/home/carlospj/.m2/repository/oro/oro/2.0.8/oro-2.0.8.jar:/home/carlospj/.m2/repository/commons-collections/commons-collections/3.2.2/commons-collections-3.2.2.jar:/home/carlospj/.m2/repository/org/apache/maven/reporting/maven-reporting-impl/3.0.0/maven-reporting-impl-3.0.0.jar:/home/carlospj/.m2/repository/org/apache/maven/reporting/maven-reporting-api/3.0/maven-reporting-api-3.0.jar:/home/carlospj/.m2/repository/org/apache/maven/wagon/wagon-provider-api/2.4/wagon-provider-api-2.4.jar:/home/carlospj/.m2/repository/org/codehaus/plexus/plexus-java/1.0.6/plexus-java-1.0.6.jar:/home/carlospj/.m2/repository/org/ow2/asm/asm/9.0/asm-9.0.jar:/home/carlospj/.m2/repository/com/thoughtworks/qdox/qdox/2.0.0/qdox-2.0.0.jar:/home/carlospj/.m2/repository/org/codehaus/plexus/plexus-utils/3.3.0/plexus-utils-3.3.0.jar:/home/carlospj/.m2/repository/com/googlecode/json-simple/json-simple/1.1.1/json-simple-1.1.1.jar:/home/carlospj/.m2/repository/io/rest-assured/rest-assured/4.3.1/rest-assured-4.3.1.jar:/home/carlospj/.m2/repository/org/codehaus/groovy/groovy/3.0.3/groovy-3.0.3.jar:/home/carlospj/.m2/repository/org/codehaus/groovy/groovy-xml/3.0.3/groovy-xml-3.0.3.jar:/home/carlospj/.m2/repository/org/apache/httpcomponents/httpclient/4.5.3/httpclient-4.5.3.jar:/home/carlospj/.m2/repository/org/apache/httpcomponents/httpcore/4.4.6/httpcore-4.4.6.jar:/home/carlospj/.m2/repository/commons-logging/commons-logging/1.2/commons-logging-1.2.jar:/home/carlospj/.m2/repository/commons-codec/commons-codec/1.9/commons-codec-1.9.jar:/home/carlospj/.m2/repository/org/apache/httpcomponents/httpmime/4.5.3/httpmime-4.5.3.jar:/home/carlospj/.m2/repository/org/ccil/cowan/tagsoup/tagsoup/1.2.1/tagsoup-1.2.1.jar:/home/carlospj/.m2/repository/io/rest-assured/json-path/4.3.1/json-path-4.3.1.jar:/home/carlospj/.m2/repository/org/codehaus/groovy/groovy-json/3.0.3/groovy-json-3.0.3.jar:/home/carlospj/.m2/repository/io/rest-assured/rest-assured-common/4.3.1/rest-assured-common-4.3.1.jar:/home/carlospj/.m2/repository/io/rest-assured/xml-path/4.3.1/xml-path-4.3.1.jar:/home/carlospj/.m2/repository/jakarta/xml/bind/jakarta.xml.bind-api/2.3.3/jakarta.xml.bind-api-2.3.3.jar:/home/carlospj/.m2/repository/jakarta/activation/jakarta.activation-api/1.2.2/jakarta.activation-api-1.2.2.jar:/home/carlospj/.m2/repository/com/sun/xml/bind/jaxb-impl/2.3.3/jaxb-impl-2.3.3.jar:/home/carlospj/.m2/repository/com/fasterxml/jackson/core/jackson-databind/2.12.4/jackson-databind-2.12.4.jar:/home/carlospj/.m2/repository/com/fasterxml/jackson/core/jackson-annotations/2.12.4/jackson-annotations-2.12.4.jar:/home/carlospj/.m2/repository/com/fasterxml/jackson/core/jackson-core/2.12.4/jackson-core-2.12.4.jar:/home/carlospj/.m2/repository/org/aeonbits/owner/owner/1.0.12/owner-1.0.12.jar:/home/carlospj/.m2/repository/junit/junit/4.12/junit-4.12.jar:/home/carlospj/.m2/repository/org/hamcrest/hamcrest-core/1.3/hamcrest-core-1.3.jar:/home/carlospj/.m2/repository/com/fasterxml/jackson/dataformat/jackson-dataformat-yaml/2.12.4/jackson-dataformat-yaml-2.12.4.jar:/home/carlospj/.m2/repository/com/google/code/gson/gson/2.8.6/gson-2.8.6.jar:/home/carlospj/.m2/repository/io/rest-assured/json-schema-validator/4.3.2/json-schema-validator-4.3.2.jar:/home/carlospj/.m2/repository/com/github/java-json-tools/json-schema-validator/2.2.14/json-schema-validator-2.2.14.jar:/home/carlospj/.m2/repository/com/google/guava/guava/28.2-android/guava-28.2-android.jar:/home/carlospj/.m2/repository/com/google/guava/failureaccess/1.0.1/failureaccess-1.0.1.jar:/home/carlospj/.m2/repository/com/google/guava/listenablefuture/9999.0-empty-to-avoid-conflict-with-guava/listenablefuture-9999.0-empty-to-avoid-conflict-with-guava.jar:/home/carlospj/.m2/repository/org/checkerframework/checker-compat-qual/2.5.5/checker-compat-qual-2.5.5.jar:/home/carlospj/.m2/repository/com/google/errorprone/error_prone_annotations/2.3.4/error_prone_annotations-2.3.4.jar:/home/carlospj/.m2/repository/com/google/j2objc/j2objc-annotations/1.3/j2objc-annotations-1.3.jar:/home/carlospj/.m2/repository/com/github/java-json-tools/jackson-coreutils-equivalence/1.0/jackson-coreutils-equivalence-1.0.jar:/home/carlospj/.m2/repository/com/github/java-json-tools/jackson-coreutils/2.0/jackson-coreutils-2.0.jar:/home/carlospj/.m2/repository/com/github/java-json-tools/msg-simple/1.2/msg-simple-1.2.jar:/home/carlospj/.m2/repository/com/github/java-json-tools/btf/1.3/btf-1.3.jar:/home/carlospj/.m2/repository/com/github/java-json-tools/json-schema-core/1.2.14/json-schema-core-1.2.14.jar:/home/carlospj/.m2/repository/com/github/java-json-tools/uri-template/0.10/uri-template-0.10.jar:/home/carlospj/.m2/repository/org/mozilla/rhino/1.7.7.2/rhino-1.7.7.2.jar:/home/carlospj/.m2/repository/com/sun/mail/mailapi/1.6.2/mailapi-1.6.2.jar:/home/carlospj/.m2/repository/joda-time/joda-time/2.10.5/joda-time-2.10.5.jar:/home/carlospj/.m2/repository/com/googlecode/libphonenumber/libphonenumber/8.11.1/libphonenumber-8.11.1.jar:/home/carlospj/.m2/repository/com/google/code/findbugs/jsr305/3.0.2/jsr305-3.0.2.jar:/home/carlospj/.m2/repository/net/sf/jopt-simple/jopt-simple/5.0.4/jopt-simple-5.0.4.jar:/home/carlospj/.m2/repository/org/yaml/snakeyaml/1.27/snakeyaml-1.27.jar:"/>
    <property name="java.vm.vendor" value="Oracle Corporation"/>
    <property name="sun.arch.data.model" value="64"/>
    <property name="java.vendor.url" value="http://java.oracle.com/"/>
    <property name="user.timezone" value=""/>
    <property name="user.country.format" value="BR"/>
    <property name="java.vm.specification.version" value="1.8"/>
    <property name="os.name" value="Linux"/>
    <property name="user.country" value="US"/>
    <property name="sun.java.launcher" value="SUN_STANDARD"/>
    <property name="sun.boot.library.path" value="/opt/jdk1.8.0_291/jre/lib/amd64"/>
    <property name="sun.java.command" value="/home/carlospj/Desktop/provasicred-main/target/surefire/surefirebooter3964003900501411225.jar /home/carlospj/Desktop/provasicred-main/target/surefire 2022-02-06T18-06-53_274-jvmRun1 surefire4897581839708292598tmp surefire_0207589336566319006tmp"/>
    <property name="surefire.test.class.path" value="/home/carlospj/Desktop/provasicred-main/target/test-classes:/home/carlospj/Desktop/provasicred-main/target/classes:/home/carlospj/.m2/repository/io/cucumber/cucumber-java/4.8.0/cucumber-java-4.8.0.jar:/home/carlospj/.m2/repository/io/cucumber/cucumber-core/4.8.0/cucumber-core-4.8.0.jar:/home/carlospj/.m2/repository/io/cucumber/gherkin/5.1.0/gherkin-5.1.0.jar:/home/carlospj/.m2/repository/io/cucumber/tag-expressions/1.1.1/tag-expressions-1.1.1.jar:/home/carlospj/.m2/repository/io/cucumber/cucumber-expressions/7.0.2/cucumber-expressions-7.0.2.jar:/home/carlospj/.m2/repository/io/cucumber/datatable/1.1.14/datatable-1.1.14.jar:/home/carlospj/.m2/repository/io/cucumber/datatable-dependencies/1.1.14/datatable-dependencies-1.1.14.jar:/home/carlospj/.m2/repository/org/apiguardian/apiguardian-api/1.1.0/apiguardian-api-1.1.0.jar:/home/carlospj/.m2/repository/io/cucumber/cucumber-junit/4.8.0/cucumber-junit-4.8.0.jar:/home/carlospj/.m2/repository/info/cukes/cucumber-core/1.1.8/cucumber-core-1.1.8.jar:/home/carlospj/.m2/repository/info/cukes/cucumber-html/0.2.3/cucumber-html-0.2.3.jar:/home/carlospj/.m2/repository/info/cukes/cucumber-jvm-deps/1.0.3/cucumber-jvm-deps-1.0.3.jar:/home/carlospj/.m2/repository/info/cukes/gherkin/2.12.2/gherkin-2.12.2.jar:/home/carlospj/.m2/repository/org/hamcrest/hamcrest/2.2/hamcrest-2.2.jar:/home/carlospj/.m2/repository/org/apache/maven/plugins/maven-jxr-plugin/3.1.1/maven-jxr-plugin-3.1.1.jar:/home/carlospj/.m2/repository/org/apache/maven/maven-jxr/3.1.1/maven-jxr-3.1.1.jar:/home/carlospj/.m2/repository/org/slf4j/slf4j-api/1.7.30/slf4j-api-1.7.30.jar:/home/carlospj/.m2/repository/org/apache/velocity/velocity-engine-core/2.0/velocity-engine-core-2.0.jar:/home/carlospj/.m2/repository/org/apache/commons/commons-lang3/3.8.1/commons-lang3-3.8.1.jar:/home/carlospj/.m2/repository/org/apache/maven/maven-plugin-api/3.1.1/maven-plugin-api-3.1.1.jar:/home/carlospj/.m2/repository/org/eclipse/sisu/org.eclipse.sisu.plexus/0.0.0.M5/org.eclipse.sisu.plexus-0.0.0.M5.jar:/home/carlospj/.m2/repository/javax/enterprise/cdi-api/1.0/cdi-api-1.0.jar:/home/carlospj/.m2/repository/javax/annotation/jsr250-api/1.0/jsr250-api-1.0.jar:/home/carlospj/.m2/repository/javax/inject/javax.inject/1/javax.inject-1.jar:/home/carlospj/.m2/repository/org/sonatype/sisu/sisu-guice/3.1.0/sisu-guice-3.1.0-no_aop.jar:/home/carlospj/.m2/repository/aopalliance/aopalliance/1.0/aopalliance-1.0.jar:/home/carlospj/.m2/repository/org/eclipse/sisu/org.eclipse.sisu.inject/0.0.0.M5/org.eclipse.sisu.inject-0.0.0.M5.jar:/home/carlospj/.m2/repository/org/apache/maven/maven-artifact/3.1.1/maven-artifact-3.1.1.jar:/home/carlospj/.m2/repository/org/apache/maven/maven-core/3.1.1/maven-core-3.1.1.jar:/home/carlospj/.m2/repository/org/apache/maven/maven-settings/3.1.1/maven-settings-3.1.1.jar:/home/carlospj/.m2/repository/org/apache/maven/maven-settings-builder/3.1.1/maven-settings-builder-3.1.1.jar:/home/carlospj/.m2/repository/org/apache/maven/maven-repository-metadata/3.1.1/maven-repository-metadata-3.1.1.jar:/home/carlospj/.m2/repository/org/apache/maven/maven-model-builder/3.1.1/maven-model-builder-3.1.1.jar:/home/carlospj/.m2/repository/org/apache/maven/maven-aether-provider/3.1.1/maven-aether-provider-3.1.1.jar:/home/carlospj/.m2/repository/org/eclipse/aether/aether-spi/0.9.0.M2/aether-spi-0.9.0.M2.jar:/home/carlospj/.m2/repository/org/eclipse/aether/aether-impl/0.9.0.M2/aether-impl-0.9.0.M2.jar:/home/carlospj/.m2/repository/org/eclipse/aether/aether-api/0.9.0.M2/aether-api-0.9.0.M2.jar:/home/carlospj/.m2/repository/org/eclipse/aether/aether-util/0.9.0.M2/aether-util-0.9.0.M2.jar:/home/carlospj/.m2/repository/org/codehaus/plexus/plexus-interpolation/1.19/plexus-interpolation-1.19.jar:/home/carlospj/.m2/repository/org/codehaus/plexus/plexus-classworlds/2.5.1/plexus-classworlds-2.5.1.jar:/home/carlospj/.m2/repository/org/codehaus/plexus/plexus-component-annotations/1.5.5/plexus-component-annotations-1.5.5.jar:/home/carlospj/.m2/repository/org/sonatype/plexus/plexus-sec-dispatcher/1.3/plexus-sec-dispatcher-1.3.jar:/home/carlospj/.m2/repository/org/sonatype/plexus/plexus-cipher/1.4/plexus-cipher-1.4.jar:/home/carlospj/.m2/repository/org/apache/maven/maven-model/3.1.1/maven-model-3.1.1.jar:/home/carlospj/.m2/repository/org/apache/maven/shared/maven-shared-utils/3.3.3/maven-shared-utils-3.3.3.jar:/home/carlospj/.m2/repository/commons-io/commons-io/2.6/commons-io-2.6.jar:/home/carlospj/.m2/repository/org/apache/maven/doxia/doxia-site-renderer/1.9.2/doxia-site-renderer-1.9.2.jar:/home/carlospj/.m2/repository/org/apache/maven/doxia/doxia-core/1.9.1/doxia-core-1.9.1.jar:/home/carlospj/.m2/repository/org/apache/maven/doxia/doxia-logging-api/1.9.1/doxia-logging-api-1.9.1.jar:/home/carlospj/.m2/repository/org/apache/maven/doxia/doxia-sink-api/1.9.1/doxia-sink-api-1.9.1.jar:/home/carlospj/.m2/repository/org/apache/maven/doxia/doxia-decoration-model/1.9.2/doxia-decoration-model-1.9.2.jar:/home/carlospj/.m2/repository/org/apache/maven/doxia/doxia-skin-model/1.9.2/doxia-skin-model-1.9.2.jar:/home/carlospj/.m2/repository/org/apache/maven/doxia/doxia-module-xhtml/1.9.1/doxia-module-xhtml-1.9.1.jar:/home/carlospj/.m2/repository/org/apache/maven/doxia/doxia-module-xhtml5/1.9.1/doxia-module-xhtml5-1.9.1.jar:/home/carlospj/.m2/repository/org/codehaus/plexus/plexus-i18n/1.0-beta-10/plexus-i18n-1.0-beta-10.jar:/home/carlospj/.m2/repository/org/codehaus/plexus/plexus-velocity/1.2/plexus-velocity-1.2.jar:/home/carlospj/.m2/repository/org/apache/velocity/velocity/1.7/velocity-1.7.jar:/home/carlospj/.m2/repository/commons-lang/commons-lang/2.4/commons-lang-2.4.jar:/home/carlospj/.m2/repository/org/apache/velocity/velocity-tools/2.0/velocity-tools-2.0.jar:/home/carlospj/.m2/repository/commons-beanutils/commons-beanutils/1.7.0/commons-beanutils-1.7.0.jar:/home/carlospj/.m2/repository/commons-digester/commons-digester/1.8/commons-digester-1.8.jar:/home/carlospj/.m2/repository/commons-chain/commons-chain/1.1/commons-chain-1.1.jar:/home/carlospj/.m2/repository/dom4j/dom4j/1.1/dom4j-1.1.jar:/home/carlospj/.m2/repository/oro/oro/2.0.8/oro-2.0.8.jar:/home/carlospj/.m2/repository/commons-collections/commons-collections/3.2.2/commons-collections-3.2.2.jar:/home/carlospj/.m2/repository/org/apache/maven/reporting/maven-reporting-impl/3.0.0/maven-reporting-impl-3.0.0.jar:/home/carlospj/.m2/repository/org/apache/maven/reporting/maven-reporting-api/3.0/maven-reporting-api-3.0.jar:/home/carlospj/.m2/repository/org/apache/maven/wagon/wagon-provider-api/2.4/wagon-provider-api-2.4.jar:/home/carlospj/.m2/repository/org/codehaus/plexus/plexus-java/1.0.6/plexus-java-1.0.6.jar:/home/carlospj/.m2/repository/org/ow2/asm/asm/9.0/asm-9.0.jar:/home/carlospj/.m2/repository/com/thoughtworks/qdox/qdox/2.0.0/qdox-2.0.0.jar:/home/carlospj/.m2/repository/org/codehaus/plexus/plexus-utils/3.3.0/plexus-utils-3.3.0.jar:/home/carlospj/.m2/repository/com/googlecode/json-simple/json-simple/1.1.1/json-simple-1.1.1.jar:/home/carlospj/.m2/repository/io/rest-assured/rest-assured/4.3.1/rest-assured-4.3.1.jar:/home/carlospj/.m2/repository/org/codehaus/groovy/groovy/3.0.3/groovy-3.0.3.jar:/home/carlospj/.m2/repository/org/codehaus/groovy/groovy-xml/3.0.3/groovy-xml-3.0.3.jar:/home/carlospj/.m2/repository/org/apache/httpcomponents/httpclient/4.5.3/httpclient-4.5.3.jar:/home/carlospj/.m2/repository/org/apache/httpcomponents/httpcore/4.4.6/httpcore-4.4.6.jar:/home/carlospj/.m2/repository/commons-logging/commons-logging/1.2/commons-logging-1.2.jar:/home/carlospj/.m2/repository/commons-codec/commons-codec/1.9/commons-codec-1.9.jar:/home/carlospj/.m2/repository/org/apache/httpcomponents/httpmime/4.5.3/httpmime-4.5.3.jar:/home/carlospj/.m2/repository/org/ccil/cowan/tagsoup/tagsoup/1.2.1/tagsoup-1.2.1.jar:/home/carlospj/.m2/repository/io/rest-assured/json-path/4.3.1/json-path-4.3.1.jar:/home/carlospj/.m2/repository/org/codehaus/groovy/groovy-json/3.0.3/groovy-json-3.0.3.jar:/home/carlospj/.m2/repository/io/rest-assured/rest-assured-common/4.3.1/rest-assured-common-4.3.1.jar:/home/carlospj/.m2/repository/io/rest-assured/xml-path/4.3.1/xml-path-4.3.1.jar:/home/carlospj/.m2/repository/jakarta/xml/bind/jakarta.xml.bind-api/2.3.3/jakarta.xml.bind-api-2.3.3.jar:/home/carlospj/.m2/repository/jakarta/activation/jakarta.activation-api/1.2.2/jakarta.activation-api-1.2.2.jar:/home/carlospj/.m2/repository/com/sun/xml/bind/jaxb-impl/2.3.3/jaxb-impl-2.3.3.jar:/home/carlospj/.m2/repository/com/fasterxml/jackson/core/jackson-databind/2.12.4/jackson-databind-2.12.4.jar:/home/carlospj/.m2/repository/com/fasterxml/jackson/core/jackson-annotations/2.12.4/jackson-annotations-2.12.4.jar:/home/carlospj/.m2/repository/com/fasterxml/jackson/core/jackson-core/2.12.4/jackson-core-2.12.4.jar:/home/carlospj/.m2/repository/org/aeonbits/owner/owner/1.0.12/owner-1.0.12.jar:/home/carlospj/.m2/repository/junit/junit/4.12/junit-4.12.jar:/home/carlospj/.m2/repository/org/hamcrest/hamcrest-core/1.3/hamcrest-core-1.3.jar:/home/carlospj/.m2/repository/com/fasterxml/jackson/dataformat/jackson-dataformat-yaml/2.12.4/jackson-dataformat-yaml-2.12.4.jar:/home/carlospj/.m2/repository/com/google/code/gson/gson/2.8.6/gson-2.8.6.jar:/home/carlospj/.m2/repository/io/rest-assured/json-schema-validator/4.3.2/json-schema-validator-4.3.2.jar:/home/carlospj/.m2/repository/com/github/java-json-tools/json-schema-validator/2.2.14/json-schema-validator-2.2.14.jar:/home/carlospj/.m2/repository/com/google/guava/guava/28.2-android/guava-28.2-android.jar:/home/carlospj/.m2/repository/com/google/guava/failureaccess/1.0.1/failureaccess-1.0.1.jar:/home/carlospj/.m2/repository/com/google/guava/listenablefuture/9999.0-empty-to-avoid-conflict-with-guava/listenablefuture-9999.0-empty-to-avoid-conflict-with-guava.jar:/home/carlospj/.m2/repository/org/checkerframework/checker-compat-qual/2.5.5/checker-compat-qual-2.5.5.jar:/home/carlospj/.m2/repository/com/google/errorprone/error_prone_annotations/2.3.4/error_prone_annotations-2.3.4.jar:/home/carlospj/.m2/repository/com/google/j2objc/j2objc-annotations/1.3/j2objc-annotations-1.3.jar:/home/carlospj/.m2/repository/com/github/java-json-tools/jackson-coreutils-equivalence/1.0/jackson-coreutils-equivalence-1.0.jar:/home/carlospj/.m2/repository/com/github/java-json-tools/jackson-coreutils/2.0/jackson-coreutils-2.0.jar:/home/carlospj/.m2/repository/com/github/java-json-tools/msg-simple/1.2/msg-simple-1.2.jar:/home/carlospj/.m2/repository/com/github/java-json-tools/btf/1.3/btf-1.3.jar:/home/carlospj/.m2/repository/com/github/java-json-tools/json-schema-core/1.2.14/json-schema-core-1.2.14.jar:/home/carlospj/.m2/repository/com/github/java-json-tools/uri-template/0.10/uri-template-0.10.jar:/home/carlospj/.m2/repository/org/mozilla/rhino/1.7.7.2/rhino-1.7.7.2.jar:/home/carlospj/.m2/repository/com/sun/mail/mailapi/1.6.2/mailapi-1.6.2.jar:/home/carlospj/.m2/repository/joda-time/joda-time/2.10.5/joda-time-2.10.5.jar:/home/carlospj/.m2/repository/com/googlecode/libphonenumber/libphonenumber/8.11.1/libphonenumber-8.11.1.jar:/home/carlospj/.m2/repository/com/google/code/findbugs/jsr305/3.0.2/jsr305-3.0.2.jar:/home/carlospj/.m2/repository/net/sf/jopt-simple/jopt-simple/5.0.4/jopt-simple-5.0.4.jar:/home/carlospj/.m2/repository/org/yaml/snakeyaml/1.27/snakeyaml-1.27.jar:"/>
    <property name="sun.cpu.endian" value="little"/>
    <property name="user.home" value="/home/carlospj"/>
    <property name="user.language" value="en"/>
    <property name="java.specification.vendor" value="Oracle Corporation"/>
    <property name="java.home" value="/opt/jdk1.8.0_291/jre"/>
    <property name="basedir" value="/home/carlospj/Desktop/provasicred-main"/>
    <property name="file.separator" value="/"/>
    <property name="line.separator" value="&#10;"/>
    <property name="java.vm.specification.vendor" value="Oracle Corporation"/>
    <property name="java.specification.name" value="Java Platform API Specification"/>
    <property name="java.awt.graphicsenv" value="sun.awt.X11GraphicsEnvironment"/>
    <property name="surefire.real.class.path" value="/home/carlospj/Desktop/provasicred-main/target/surefire/surefirebooter3964003900501411225.jar"/>
    <property name="sun.boot.class.path" value="/opt/jdk1.8.0_291/jre/lib/resources.jar:/opt/jdk1.8.0_291/jre/lib/rt.jar:/opt/jdk1.8.0_291/jre/lib/sunrsasign.jar:/opt/jdk1.8.0_291/jre/lib/jsse.jar:/opt/jdk1.8.0_291/jre/lib/jce.jar:/opt/jdk1.8.0_291/jre/lib/charsets.jar:/opt/jdk1.8.0_291/jre/lib/jfr.jar:/opt/jdk1.8.0_291/jre/classes"/>
    <property name="sun.management.compiler" value="HotSpot 64-Bit Tiered Compilers"/>
    <property name="java.runtime.version" value="1.8.0_291-b10"/>
    <property name="user.name" value="CIANDT\carlospj"/>
    <property name="path.separator" value=":"/>
    <property name="os.version" value="5.13.0-28-generic"/>
    <property name="java.endorsed.dirs" value="/opt/jdk1.8.0_291/jre/lib/endorsed"/>
    <property name="java.runtime.name" value="Java(TM) SE Runtime Environment"/>
    <property name="file.encoding" value="UTF-8"/>
    <property name="java.vm.name" value="Java HotSpot(TM) 64-Bit Server VM"/>
    <property name="localRepository" value="/home/carlospj/.m2/repository"/>
    <property name="cucumber.options" value="--tags @consultaRestricao"/>
    <property name="java.vendor.url.bug" value="http://bugreport.sun.com/bugreport/"/>
    <property name="java.io.tmpdir" value="/tmp"/>
    <property name="java.version" value="1.8.0_291"/>
    <property name="user.dir" value="/home/carlospj/Desktop/provasicred-main"/>
    <property name="os.arch" value="amd64"/>
    <property name="java.vm.specification.name" value="Java Virtual Machine Specification"/>
    <property name="java.awt.printerjob" value="sun.print.PSPrinterJob"/>
    <property name="user.language.format" value="pt"/>
    <property name="sun.os.patch.level" value="unknown"/>
    <property name="java.library.path" value="/usr/java/packages/lib/amd64:/usr/lib64:/lib64:/lib:/usr/lib"/>
    <property name="java.vm.info" value="mixed mode"/>
    <property name="java.vendor" value="Oracle Corporation"/>
    <property name="java.vm.version" value="25.291-b10"/>
    <property name="java.ext.dirs" value="/opt/jdk1.8.0_291/jre/lib/ext:/usr/java/packages/lib/ext"/>
    <property name="sun.io.unicode.encoding" value="UnicodeLittle"/>
    <property name="java.class.version" value="52.0"/>
  </properties>
  <testcase name="Consultar uma restrição utilizando CPF" classname="Consultar uma restrição utilizando um CPF" time="1.933">
    <failure message="expected:&lt;O CPF 97093236014 [possui restrição]&gt; but was:&lt;O CPF 97093236014 [tem problema]&gt;" type="org.junit.ComparisonFailure"><![CDATA[org.junit.ComparisonFailure: expected:<O CPF 97093236014 [possui restrição]> but was:<O CPF 97093236014 [tem problema]>
]]></failure>
    <system-out><![CDATA[Funcionalidade: Consultar uma restrição utilizando um CPF
    Como usuário da API de consulta de restrições
    Carlos deseja consultar um CPF
    Para saber se há uma restrição no CPF

  Contexto:                                                             &amp#27;[90m# src/test/resources/features/restricoes.feature:8&amp#27;[0m
    &amp#27;[32mDado &amp#27;[0m&amp#27;[32mque Carlos tem acesso as funcionalidades referente a restrição&amp#27;[0m &amp#27;[90m# RestricoesSteps.queCarlosTemAcessoAsFuncionalidadesReferenteARestrição()&amp#27;[0m

  @consultaRestricao @todos
  Cenário: Consultar uma restrição utilizando CPF                           &amp#27;[90m# src/test/resources/features/restricoes.feature:12&amp#27;[0m
    &amp#27;[32mQuando &amp#27;[0m&amp#27;[32mCarlos consultar uma restrição utilizando o CPF&amp#27;[0m                  &amp#27;[90m# RestricoesSteps.carlosConsultarUmaRestriçãoUtilizandoOCPF()&amp#27;[0m
    &amp#27;[31mEntão &amp#27;[0m&amp#27;[31mserá retornado uma mensagem informando que o CPF possui restrição&amp#27;[0m &amp#27;[90m# RestricoesSteps.seráRetornadoUmaMensagemInformandoQueOCPFPossuiRestrição()&amp#27;[0m
      &amp#27;[31morg.junit.ComparisonFailure: expected:<O CPF 97093236014 [possui restrição]> but was:<O CPF 97093236014 [tem problema]>
	at org.junit.Assert.assertEquals(Assert.java:115)
	at org.junit.Assert.assertEquals(Assert.java:144)
	at actions.RestricoesAction.validarRestricao(RestricoesAction.java:40)
	at steps.RestricoesSteps.seráRetornadoUmaMensagemInformandoQueOCPFPossuiRestrição(RestricoesSteps.java:23)
	at ✽.será retornado uma mensagem informando que o CPF possui restrição(file:src/test/resources/features/restricoes.feature:14)
&amp#27;[0m
]]></system-out>
  </testcase>
</testsuite>